2017-05-08 18:24:04,677   GET     301      11 ms  /
2017-05-08 18:24:04,684   GET     301       1 ms  /
2017-05-08 18:24:04,744   GET     200      56 ms  /3/Cloud
2017-05-08 18:24:04,759   GET     200       6 ms  /3/InitID
2017-05-08 18:24:04,770   GET     301       0 ms  /
2017-05-08 18:24:04,775   GET     301       0 ms  /
2017-05-08 18:24:04,781   GET     200       2 ms  /3/Cloud
2017-05-08 18:24:04,787   GET     200       1 ms  /3/InitID
2017-05-08 18:24:05,017   GET     200       6 ms  /flow/index.html
2017-05-08 18:24:05,046   GET     200       7 ms  /flow/css/flow-lib.css
2017-05-08 18:24:05,048   GET     200       8 ms  /flow/css/scala-editor.css
2017-05-08 18:24:05,048   GET     200       7 ms  /flow/custom/custom.css
2017-05-08 18:24:05,049   GET     200       9 ms  /flow/css/flow.css
2017-05-08 18:24:05,054   GET     200      10 ms  /flow/js/flow.js
2017-05-08 18:24:05,105   GET     200      62 ms  /flow/js/flow-lib.js
2017-05-08 18:24:05,120   GET     200       2 ms  /flow/img/h2o.png
2017-05-08 18:24:05,121   GET     200       3 ms  /flow/fonts/fontawesome-webfont.woff
2017-05-08 18:24:05,771   GET     200     296 ms  /3/Metadata/endpoints
2017-05-08 18:24:05,862   GET     200       2 ms  /flow/help/catalog.json
2017-05-08 18:24:05,869   GET     200       1 ms  /flow/img/h2o-flow.png
2017-05-08 18:24:05,872   POST    200       8 ms  /3/scalaint
2017-05-08 18:24:05,876   GET     200      17 ms  /3/NodePersistentStorage/categories/environment/names/clips/exists
2017-05-08 18:24:05,884   GET     200      25 ms  /3/NodePersistentStorage/notebook
2017-05-08 18:24:05,913   GET     200       1 ms  /3/NodePersistentStorage/environment/clips
2017-05-08 18:24:05,964   GET     200     101 ms  /3/ModelBuilders
2017-05-08 18:24:06,041   GET     200     181 ms  /3/About
2017-05-08 18:24:22,920   GET     301       2 ms  /
2017-05-08 18:24:22,925   GET     301       0 ms  /
2017-05-08 18:24:22,931   GET     200       2 ms  /3/Cloud
2017-05-08 18:24:22,939   GET     200       1 ms  /3/InitID
2017-05-08 18:24:24,015   GET     200       1 ms  /3/Cloud
2017-05-08 18:24:24,257   GET     200     234 ms  /3/Frames/model_hex
2017-05-08 18:24:24,278   GET     200       1 ms  /3/Cloud
2017-05-08 18:24:24,288   GET     200       1 ms  /3/Cloud
2017-05-08 18:24:25,061   POST    200     768 ms  /99/Rapids
2017-05-08 18:24:25,073   GET     200       6 ms  /3/Frames/RTMP_sid_a446_1
2017-05-08 18:24:25,091   GET     200       1 ms  /3/Cloud
2017-05-08 18:24:25,098   GET     200       1 ms  /3/Cloud
2017-05-08 18:24:25,222   POST    200     119 ms  /99/Rapids
2017-05-08 18:24:25,233   GET     200       5 ms  /3/Frames/RTMP_sid_a446_2
2017-05-08 18:24:25,252   GET     200       1 ms  /3/Cloud
2017-05-08 18:24:25,259   GET     200       1 ms  /3/Cloud
2017-05-08 18:24:25,396   POST    200     133 ms  /99/Rapids
2017-05-08 18:24:25,409   GET     200       6 ms  /3/Frames/RTMP_sid_a446_3
2017-05-08 18:24:25,429   GET     200       1 ms  /3/Cloud
2017-05-08 18:24:25,439   POST    200       5 ms  /99/Rapids
2017-05-08 18:24:25,445   GET     200       1 ms  /3/Cloud
2017-05-08 18:24:25,450   POST    200       1 ms  /99/Rapids
2017-05-08 18:24:25,461   GET     200       1 ms  /3/Cloud
2017-05-08 18:24:25,883   POST    200     417 ms  /99/Rapids
2017-05-08 18:24:25,890   GET     200       1 ms  /3/Cloud
2017-05-08 18:24:25,900   GET     200       5 ms  /3/Frames/RTMP_sid_a446_4
2017-05-08 18:24:25,916   GET     200       1 ms  /3/Cloud
2017-05-08 18:24:25,923   GET     200       2 ms  /3/Cloud
2017-05-08 18:24:25,944   POST    200      17 ms  /99/Rapids
2017-05-08 18:24:25,957   GET     200       7 ms  /3/Frames/RTMP_sid_a446_5
2017-05-08 18:24:25,974   GET     200       1 ms  /3/Cloud
2017-05-08 18:24:26,042   GET     200      63 ms  /3/Frames/RTMP_sid_a446_4/summary
2017-05-08 18:24:26,062   GET     200       1 ms  /3/Cloud
2017-05-08 18:24:26,069   GET     200       1 ms  /3/Cloud
2017-05-08 18:24:26,185   POST    200     111 ms  /99/Rapids
2017-05-08 18:24:26,194   GET     200       4 ms  /3/Frames/RTMP_sid_a446_6
2017-05-08 18:24:26,207   GET     200       1 ms  /3/DownloadDataset
2017-05-08 18:24:26,215   GET     200       1 ms  /3/Cloud
2017-05-08 18:24:26,223   GET     200       2 ms  /3/Cloud
2017-05-08 18:24:26,234   POST    200       5 ms  /99/Rapids
2017-05-08 18:24:26,242   GET     200       3 ms  /3/Frames/RTMP_sid_a446_8
2017-05-08 18:24:26,256   GET     200       1 ms  /3/Cloud
2017-05-08 18:24:26,263   GET     200       1 ms  /3/Cloud
2017-05-08 18:24:26,272   POST    200       5 ms  /99/Rapids
2017-05-08 18:24:26,281   GET     200       4 ms  /3/Frames/RTMP_sid_a446_9
2017-05-08 18:24:26,293   GET     200       1 ms  /3/DownloadDataset
2017-05-08 18:24:26,299   GET     200       1 ms  /3/Cloud
2017-05-08 18:24:26,306   GET     200       1 ms  /3/Cloud
2017-05-08 18:24:26,314   POST    200       3 ms  /99/Rapids
2017-05-08 18:24:26,322   GET     200       3 ms  /3/Frames/RTMP_sid_a446_11
2017-05-08 18:24:26,334   GET     200       1 ms  /3/Cloud
2017-05-08 18:24:26,342   GET     200       2 ms  /3/Cloud
2017-05-08 18:24:26,352   GET     200       1 ms  /3/Cloud
2017-05-08 18:24:26,357   POST    200       1 ms  /99/Rapids
2017-05-08 18:24:26,363   GET     200       2 ms  /3/Cloud
2017-05-08 18:24:26,368   POST    200       1 ms  /99/Rapids
2017-05-08 18:24:26,373   GET     200       1 ms  /3/Cloud
2017-05-08 18:24:26,378   POST    200       1 ms  /99/Rapids
2017-05-08 18:24:26,384   GET     200       2 ms  /3/Cloud
2017-05-08 18:24:26,389   POST    200       1 ms  /99/Rapids
2017-05-08 18:24:26,394   GET     200       1 ms  /3/Cloud
2017-05-08 18:24:26,400   POST    200       2 ms  /99/Rapids
2017-05-08 18:24:26,406   GET     200       1 ms  /3/Cloud
2017-05-08 18:24:26,412   POST    200       1 ms  /99/Rapids
2017-05-08 18:24:26,417   GET     200       1 ms  /3/Cloud
2017-05-08 18:24:26,423   POST    200       2 ms  /99/Rapids
2017-05-08 18:24:26,432   POST    200       4 ms  /99/Rapids
2017-05-08 18:24:26,440   GET     200       3 ms  /3/Frames/RTMP_sid_a446_12
2017-05-08 18:24:26,452   GET     200       1 ms  /3/DownloadDataset
2017-05-08 18:24:26,458   GET     200       1 ms  /3/Cloud
2017-05-08 18:24:26,464   GET     200       1 ms  /3/Cloud
2017-05-08 18:24:26,472   POST    200       4 ms  /99/Rapids
2017-05-08 18:24:26,482   GET     200       3 ms  /3/Frames/RTMP_sid_a446_14
2017-05-08 18:24:26,495   GET     200       1 ms  /3/Cloud
2017-05-08 18:24:26,503   GET     200       1 ms  /3/Cloud
2017-05-08 18:24:26,512   POST    200       5 ms  /99/Rapids
2017-05-08 18:24:26,521   GET     200       4 ms  /3/Frames/RTMP_sid_a446_15
2017-05-08 18:24:26,534   GET     200       1 ms  /3/DownloadDataset
2017-05-08 18:24:26,539   GET     200       1 ms  /3/Cloud
2017-05-08 18:24:26,546   GET     200       1 ms  /3/Cloud
2017-05-08 18:24:26,555   POST    200       4 ms  /99/Rapids
2017-05-08 18:24:26,562   GET     200       3 ms  /3/Frames/RTMP_sid_a446_17
2017-05-08 18:24:26,578   GET     200       1 ms  /3/Cloud
2017-05-08 18:24:26,801   POST    200     218 ms  /99/Rapids
2017-05-08 18:24:26,808   GET     200       2 ms  /3/Cloud
2017-05-08 18:24:26,814   POST    200       1 ms  /99/Rapids
2017-05-08 18:24:26,910   GET     200       1 ms  /3/Cloud
2017-05-08 18:24:26,916   POST    200       1 ms  /99/Rapids
2017-05-08 18:24:26,921   GET     200       1 ms  /3/Cloud
2017-05-08 18:24:26,927   POST    200       2 ms  /99/Rapids
2017-05-08 18:24:26,931   GET     200       1 ms  /3/Cloud
2017-05-08 18:24:26,936   POST    200       1 ms  /99/Rapids
2017-05-08 18:24:26,941   GET     200       1 ms  /3/Cloud
2017-05-08 18:24:26,947   POST    200       2 ms  /99/Rapids
2017-05-08 18:24:26,952   GET     200       1 ms  /3/Cloud
2017-05-08 18:24:26,959   POST    200       3 ms  /99/Rapids
2017-05-08 18:24:26,964   GET     200       1 ms  /3/Cloud
2017-05-08 18:24:26,969   POST    200       1 ms  /99/Rapids
2017-05-08 18:24:26,974   GET     200       1 ms  /3/Cloud
2017-05-08 18:24:26,980   POST    200       1 ms  /99/Rapids
2017-05-08 18:24:26,986   GET     200       0 ms  /3/Cloud
2017-05-08 18:24:27,089   POST    200      98 ms  /99/Rapids
2017-05-08 18:24:27,095   GET     200       1 ms  /3/Cloud
2017-05-08 18:24:27,102   POST    200       2 ms  /99/Rapids
2017-05-08 18:24:27,205   GET     200       1 ms  /3/Cloud
2017-05-08 18:24:27,210   POST    200       1 ms  /99/Rapids
2017-05-08 18:24:27,216   GET     200       1 ms  /3/Cloud
2017-05-08 18:24:27,239   POST    200      18 ms  /99/Rapids
2017-05-08 18:24:27,245   GET     200       1 ms  /3/Cloud
2017-05-08 18:24:27,252   POST    200       2 ms  /99/Rapids
2017-05-08 18:24:27,343   GET     200       1 ms  /3/Cloud
2017-05-08 18:24:27,348   POST    200       1 ms  /99/Rapids
2017-05-08 18:24:27,354   GET     200       1 ms  /3/Cloud
2017-05-08 18:24:27,366   GET     200       7 ms  /3/Frames/train.hex
2017-05-08 18:24:27,382   GET     200       1 ms  /3/Cloud
2017-05-08 18:24:27,392   GET     200       4 ms  /3/ModelBuilders/glm
2017-05-08 18:24:27,424   GET     200       1 ms  /3/Cloud
2017-05-08 18:24:27,497   POST    200      68 ms  /3/ModelBuilders/glm
2017-05-08 18:24:27,589   GET     200       5 ms  /3/Jobs/$03017f00000134d4ffffffff$_a71bd79c0a637e1d9670cb0636e44a7a
2017-05-08 18:24:28,601   GET     200       1 ms  /3/Jobs/$03017f00000134d4ffffffff$_a71bd79c0a637e1d9670cb0636e44a7a
2017-05-08 18:24:28,609   GET     200       1 ms  /3/Cloud
2017-05-08 18:24:28,661   GET     200      47 ms  /3/Models/GLM_model_R_1494293032731_9
2017-05-08 18:24:28,714   GET     200       1 ms  /3/Cloud
2017-05-08 18:24:28,739   POST    200      21 ms  /3/ModelMetrics/models/GLM_model_R_1494293032731_9/frames/valid.hex
2017-05-08 18:24:28,746   GET     200       1 ms  /3/Cloud
2017-05-08 18:24:28,752   GET     200       1 ms  /3/Cloud
2017-05-08 18:24:28,776   POST    200      19 ms  /99/Rapids
2017-05-08 18:24:28,790   GET     200       9 ms  /3/Frames/RTMP_sid_a446_22
2017-05-08 18:24:28,805   GET     200       1 ms  /3/Cloud
2017-05-08 18:24:28,815   GET     200       5 ms  /3/ModelBuilders/glm
2017-05-08 18:24:28,847   GET     200       1 ms  /3/Cloud
2017-05-08 18:24:28,860   POST    200       8 ms  /3/ModelBuilders/glm
2017-05-08 18:24:28,918   GET     200       1 ms  /3/Jobs/$03017f00000134d4ffffffff$_b838c5b5d19a722153f8d3fd5eeb4012
2017-05-08 18:24:29,931   GET     200       1 ms  /3/Jobs/$03017f00000134d4ffffffff$_b838c5b5d19a722153f8d3fd5eeb4012
2017-05-08 18:24:29,952   GET     200       1 ms  /3/Cloud
2017-05-08 18:24:29,995   GET     200      32 ms  /3/Models/GLM_model_R_1494293032731_10
2017-05-08 18:24:30,108   GET     200       2 ms  /3/Cloud
2017-05-08 18:24:30,123   POST    200       2 ms  /4/Predictions/models/GLM_model_R_1494293032731_10/frames/test.hex
2017-05-08 18:24:30,134   GET     200       1 ms  /3/Jobs/$03017f00000134d4ffffffff$_90fb0a9dafcd066780a82daad2d34d76
2017-05-08 18:24:32,627   GET     200       1 ms  /3/Jobs/$03017f00000134d4ffffffff$_90fb0a9dafcd066780a82daad2d34d76
2017-05-08 18:24:32,635   GET     200       1 ms  /3/Cloud
2017-05-08 18:24:32,645   GET     200       5 ms  /3/Frames/predictions_a258_GLM_model_R_1494293032731_10_on_test.hex
2017-05-08 18:24:32,661   GET     301       1 ms  /
2017-05-08 18:24:32,665   GET     301       0 ms  /
2017-05-08 18:24:32,670   GET     200       1 ms  /3/Cloud
2017-05-08 18:24:32,676   GET     200       0 ms  /3/InitID
2017-05-08 18:24:32,682   GET     200       1 ms  /3/Cloud
2017-05-08 18:24:32,689   POST    200       1 ms  /99/Rapids
2017-05-08 18:24:57,445   GET     200       2 ms  /3/Cloud
2017-05-08 18:24:57,454   POST    200       3 ms  /99/Rapids
2017-05-08 18:25:49,344   GET     301       0 ms  /
2017-05-08 18:25:50,134   POST    200       8 ms  /3/Shutdown
