2017-05-09 17:17:59,297   GET     301      10 ms  /
2017-05-09 17:17:59,303   GET     301       1 ms  /
2017-05-09 17:17:59,359   GET     200      52 ms  /3/Cloud
2017-05-09 17:17:59,371   GET     200       6 ms  /3/InitID
2017-05-09 17:18:17,238   GET     301       1 ms  /
2017-05-09 17:18:17,243   GET     301       1 ms  /
2017-05-09 17:18:17,249   GET     200       2 ms  /3/Cloud
2017-05-09 17:18:17,255   GET     200       1 ms  /3/InitID
2017-05-09 17:18:17,449   GET     301       2 ms  /
2017-05-09 17:18:17,460   GET     200       4 ms  /flow/index.html
2017-05-09 17:18:17,474   GET     200       6 ms  /flow/css/scala-editor.css
2017-05-09 17:18:17,475   GET     200       7 ms  /flow/css/flow.css
2017-05-09 17:18:17,475   GET     200       7 ms  /flow/css/flow-lib.css
2017-05-09 17:18:17,476   GET     200       4 ms  /flow/custom/custom.css
2017-05-09 17:18:17,481   GET     200       7 ms  /flow/js/flow.js
2017-05-09 17:18:17,529   GET     200       1 ms  /flow/img/h2o.png
2017-05-09 17:18:17,529   GET     200       2 ms  /flow/fonts/fontawesome-webfont.woff
2017-05-09 17:18:17,529   GET     200       2 ms  /flow/fonts/SourceCodePro-Regular.ttf.woff2
2017-05-09 17:18:17,530   GET     200       3 ms  /flow/fonts/Lato-Regular.woff2
2017-05-09 17:18:17,671   GET     200     198 ms  /flow/js/flow-lib.js
2017-05-09 17:18:18,112   GET     200     233 ms  /3/Metadata/endpoints
2017-05-09 17:18:18,193   GET     200       3 ms  /flow/help/catalog.json
2017-05-09 17:18:18,200   GET     200       2 ms  /flow/img/h2o-flow.png
2017-05-09 17:18:18,205   POST    200      12 ms  /3/scalaint
2017-05-09 17:18:18,213   GET     200      23 ms  /3/NodePersistentStorage/categories/environment/names/clips/exists
2017-05-09 17:18:18,219   GET     200      29 ms  /3/About
2017-05-09 17:18:18,224   GET     200      35 ms  /3/NodePersistentStorage/notebook
2017-05-09 17:18:18,283   GET     200      91 ms  /3/ModelBuilders
2017-05-09 17:18:18,297   GET     200       1 ms  /3/NodePersistentStorage/environment/clips
2017-05-09 17:18:18,299   GET     200       3 ms  /flow/fonts/Lato-Italic.woff2
2017-05-09 17:18:18,498   GET     200       3 ms  /favicon.ico
2017-05-09 17:18:38,027   GET     301       1 ms  /
2017-05-09 17:18:38,032   GET     301       0 ms  /
2017-05-09 17:18:38,038   GET     200       2 ms  /3/Cloud
2017-05-09 17:18:38,045   GET     200       1 ms  /3/InitID
2017-05-09 17:18:39,126   GET     200       1 ms  /3/Cloud
2017-05-09 17:18:39,313   GET     200     181 ms  /3/Frames/model_hex
2017-05-09 17:18:39,331   GET     200       1 ms  /3/Cloud
2017-05-09 17:18:39,339   GET     200       2 ms  /3/Cloud
2017-05-09 17:18:39,599   POST    200     255 ms  /99/Rapids
2017-05-09 17:18:39,611   GET     200       7 ms  /3/Frames/RTMP_sid_b6f6_24
2017-05-09 17:18:39,629   GET     200       1 ms  /3/Cloud
2017-05-09 17:18:39,638   GET     200       2 ms  /3/Cloud
2017-05-09 17:18:39,727   POST    200      85 ms  /99/Rapids
2017-05-09 17:18:39,737   GET     200       5 ms  /3/Frames/RTMP_sid_b6f6_25
2017-05-09 17:18:39,754   GET     200       2 ms  /3/Cloud
2017-05-09 17:18:39,769   GET     200       1 ms  /3/Cloud
2017-05-09 17:18:39,778   POST    200       4 ms  /99/Rapids
2017-05-09 17:18:39,784   GET     200       1 ms  /3/Cloud
2017-05-09 17:18:39,841   POST    200      53 ms  /99/Rapids
2017-05-09 17:18:39,851   GET     200       5 ms  /3/Frames/RTMP_sid_b6f6_26
2017-05-09 17:18:39,872   GET     200       1 ms  /3/Cloud
2017-05-09 17:18:40,244   POST    200     365 ms  /99/Rapids
2017-05-09 17:18:40,250   GET     200       1 ms  /3/Cloud
2017-05-09 17:18:40,260   GET     200       5 ms  /3/Frames/RTMP_sid_b6f6_27
2017-05-09 17:18:40,278   GET     200       1 ms  /3/Cloud
2017-05-09 17:18:40,286   GET     200       1 ms  /3/Cloud
2017-05-09 17:18:40,307   POST    200      16 ms  /99/Rapids
2017-05-09 17:18:40,318   GET     200       7 ms  /3/Frames/RTMP_sid_b6f6_28
2017-05-09 17:18:40,336   GET     200       2 ms  /3/Cloud
2017-05-09 17:18:40,380   GET     200      38 ms  /3/Frames/RTMP_sid_b6f6_27/summary
2017-05-09 17:18:40,399   GET     200       1 ms  /3/Cloud
2017-05-09 17:18:40,406   GET     200       1 ms  /3/Cloud
2017-05-09 17:18:40,513   POST    200     103 ms  /99/Rapids
2017-05-09 17:18:40,522   GET     200       4 ms  /3/Frames/RTMP_sid_b6f6_29
2017-05-09 17:18:40,535   GET     200       1 ms  /3/DownloadDataset
2017-05-09 17:18:40,541   GET     200       2 ms  /3/Cloud
2017-05-09 17:18:40,548   GET     200       2 ms  /3/Cloud
2017-05-09 17:18:40,557   POST    200       5 ms  /99/Rapids
2017-05-09 17:18:40,565   GET     200       3 ms  /3/Frames/RTMP_sid_b6f6_31
2017-05-09 17:18:40,582   GET     200       1 ms  /3/Cloud
2017-05-09 17:18:40,587   POST    200       1 ms  /99/Rapids
2017-05-09 17:18:40,593   GET     200       2 ms  /3/Cloud
2017-05-09 17:18:40,599   POST    200       2 ms  /99/Rapids
2017-05-09 17:18:40,609   GET     200       1 ms  /3/Cloud
2017-05-09 17:18:40,615   GET     200       1 ms  /3/Cloud
2017-05-09 17:18:40,624   POST    200       5 ms  /99/Rapids
2017-05-09 17:18:40,633   GET     200       5 ms  /3/Frames/RTMP_sid_b6f6_32
2017-05-09 17:18:40,644   GET     200       0 ms  /3/DownloadDataset
2017-05-09 17:18:40,651   GET     200       1 ms  /3/Cloud
2017-05-09 17:18:40,658   GET     200       1 ms  /3/Cloud
2017-05-09 17:18:40,667   POST    200       4 ms  /99/Rapids
2017-05-09 17:18:40,674   GET     200       3 ms  /3/Frames/RTMP_sid_b6f6_34
2017-05-09 17:18:40,686   GET     200       2 ms  /3/Cloud
2017-05-09 17:18:40,692   GET     200       1 ms  /3/Cloud
2017-05-09 17:18:40,701   POST    200       5 ms  /99/Rapids
2017-05-09 17:18:40,709   GET     200       4 ms  /3/Frames/RTMP_sid_b6f6_35
2017-05-09 17:18:40,721   GET     200       1 ms  /3/DownloadDataset
2017-05-09 17:18:40,726   GET     200       1 ms  /3/Cloud
2017-05-09 17:18:40,733   GET     200       1 ms  /3/Cloud
2017-05-09 17:18:40,740   POST    200       3 ms  /99/Rapids
2017-05-09 17:18:40,748   GET     200       3 ms  /3/Frames/RTMP_sid_b6f6_37
2017-05-09 17:18:40,760   GET     200       1 ms  /3/Cloud
2017-05-09 17:18:40,767   GET     200       1 ms  /3/Cloud
2017-05-09 17:18:40,775   POST    200       4 ms  /99/Rapids
2017-05-09 17:18:40,783   GET     200       3 ms  /3/Frames/RTMP_sid_b6f6_38
2017-05-09 17:18:40,795   GET     200       1 ms  /3/DownloadDataset
2017-05-09 17:18:40,801   GET     200       2 ms  /3/Cloud
2017-05-09 17:18:40,807   GET     200       1 ms  /3/Cloud
2017-05-09 17:18:40,815   POST    200       3 ms  /99/Rapids
2017-05-09 17:18:40,822   GET     200       2 ms  /3/Frames/RTMP_sid_b6f6_40
2017-05-09 17:18:40,839   GET     200       1 ms  /3/Cloud
2017-05-09 17:18:40,846   POST    200       2 ms  /99/Rapids
2017-05-09 17:18:40,851   GET     200       1 ms  /3/Cloud
2017-05-09 17:18:40,856   POST    200       1 ms  /99/Rapids
2017-05-09 17:18:40,861   GET     200       1 ms  /3/Cloud
2017-05-09 17:18:40,867   POST    200       2 ms  /99/Rapids
2017-05-09 17:18:40,872   GET     200       1 ms  /3/Cloud
2017-05-09 17:18:40,877   POST    200       1 ms  /99/Rapids
2017-05-09 17:18:40,882   GET     200       1 ms  /3/Cloud
2017-05-09 17:18:40,888   POST    200       1 ms  /99/Rapids
2017-05-09 17:18:40,893   GET     200       1 ms  /3/Cloud
2017-05-09 17:18:40,899   POST    200       2 ms  /99/Rapids
2017-05-09 17:18:40,904   GET     200       1 ms  /3/Cloud
2017-05-09 17:18:40,909   POST    200       1 ms  /99/Rapids
2017-05-09 17:18:40,928   GET     200       1 ms  /3/Cloud
2017-05-09 17:18:41,058   POST    200     125 ms  /99/Rapids
2017-05-09 17:18:41,065   GET     200       1 ms  /3/Cloud
2017-05-09 17:18:41,070   POST    200       1 ms  /99/Rapids
2017-05-09 17:18:41,181   GET     200       1 ms  /3/Cloud
2017-05-09 17:18:41,186   POST    200       1 ms  /99/Rapids
2017-05-09 17:18:41,191   GET     200       1 ms  /3/Cloud
2017-05-09 17:18:41,196   POST    200       1 ms  /99/Rapids
2017-05-09 17:18:41,201   GET     200       1 ms  /3/Cloud
2017-05-09 17:18:41,207   POST    200       2 ms  /99/Rapids
2017-05-09 17:18:41,212   GET     200       1 ms  /3/Cloud
2017-05-09 17:18:41,216   POST    200       1 ms  /99/Rapids
2017-05-09 17:18:41,222   GET     200       1 ms  /3/Cloud
2017-05-09 17:18:41,226   POST    200       0 ms  /99/Rapids
2017-05-09 17:18:41,231   GET     200       1 ms  /3/Cloud
2017-05-09 17:18:41,236   POST    200       1 ms  /99/Rapids
2017-05-09 17:18:41,242   GET     200       1 ms  /3/Cloud
2017-05-09 17:18:41,339   POST    200      92 ms  /99/Rapids
2017-05-09 17:18:41,346   GET     200       2 ms  /3/Cloud
2017-05-09 17:18:41,352   POST    200       2 ms  /99/Rapids
2017-05-09 17:18:41,474   GET     200       1 ms  /3/Cloud
2017-05-09 17:18:41,479   POST    200       1 ms  /99/Rapids
2017-05-09 17:18:41,486   GET     200       1 ms  /3/Cloud
2017-05-09 17:18:41,508   POST    200      18 ms  /99/Rapids
2017-05-09 17:18:41,514   GET     200       1 ms  /3/Cloud
2017-05-09 17:18:41,520   POST    200       1 ms  /99/Rapids
2017-05-09 17:18:41,629   GET     200       1 ms  /3/Cloud
2017-05-09 17:18:41,634   POST    200       1 ms  /99/Rapids
2017-05-09 17:18:41,645   GET     200       1 ms  /3/Cloud
2017-05-09 17:18:41,658   GET     200       8 ms  /3/Frames/train.hex
2017-05-09 17:18:41,674   GET     200       2 ms  /3/Cloud
2017-05-09 17:18:41,683   GET     200       4 ms  /3/ModelBuilders/glm
2017-05-09 17:18:41,713   GET     200       1 ms  /3/Cloud
2017-05-09 17:18:41,785   POST    200      67 ms  /3/ModelBuilders/glm
2017-05-09 17:18:41,873   GET     200       6 ms  /3/Jobs/$03017f00000132d4ffffffff$_a3c6887f314b9abeeeee6660f45748ca
2017-05-09 17:18:42,883   GET     200       1 ms  /3/Jobs/$03017f00000132d4ffffffff$_a3c6887f314b9abeeeee6660f45748ca
2017-05-09 17:18:42,890   GET     200       1 ms  /3/Cloud
2017-05-09 17:18:42,943   GET     200      48 ms  /3/Models/GLM_model_R_1494375469993_9
2017-05-09 17:18:43,009   GET     200       1 ms  /3/Cloud
2017-05-09 17:18:43,048   POST    200      34 ms  /3/ModelMetrics/models/GLM_model_R_1494375469993_9/frames/valid.hex
2017-05-09 17:18:43,059   GET     200       1 ms  /3/Cloud
2017-05-09 17:18:43,067   GET     200       1 ms  /3/Cloud
2017-05-09 17:18:43,091   POST    200      20 ms  /99/Rapids
2017-05-09 17:18:43,104   GET     200       8 ms  /3/Frames/RTMP_sid_b6f6_45
2017-05-09 17:18:43,120   GET     200       1 ms  /3/Cloud
2017-05-09 17:18:43,128   GET     200       3 ms  /3/ModelBuilders/glm
2017-05-09 17:18:43,165   GET     200       1 ms  /3/Cloud
2017-05-09 17:18:43,177   POST    200       8 ms  /3/ModelBuilders/glm
2017-05-09 17:18:43,279   GET     200       0 ms  /3/Jobs/$03017f00000132d4ffffffff$_a5563db9c46b615a8ff98b7295c746f3
2017-05-09 17:18:44,291   GET     200       1 ms  /3/Jobs/$03017f00000132d4ffffffff$_a5563db9c46b615a8ff98b7295c746f3
2017-05-09 17:18:44,298   GET     200       1 ms  /3/Cloud
2017-05-09 17:18:44,310   GET     200       7 ms  /3/Models/GLM_model_R_1494375469993_10
2017-05-09 17:18:44,368   GET     200       1 ms  /3/Cloud
2017-05-09 17:18:44,374   POST    200       2 ms  /4/Predictions/models/GLM_model_R_1494375469993_10/frames/test.hex
2017-05-09 17:18:44,381   GET     200       1 ms  /3/Jobs/$03017f00000132d4ffffffff$_9e573d92788e29a8a052ab6690dd4b88
2017-05-09 17:18:44,387   GET     200       1 ms  /3/Cloud
2017-05-09 17:18:44,395   GET     200       4 ms  /3/Frames/predictions_81f6_GLM_model_R_1494375469993_10_on_test.hex
2017-05-09 17:18:44,412   GET     301       0 ms  /
2017-05-09 17:18:44,417   GET     301       0 ms  /
2017-05-09 17:18:44,421   GET     200       0 ms  /3/Cloud
2017-05-09 17:18:44,428   GET     200       1 ms  /3/InitID
2017-05-09 17:18:44,433   GET     200       1 ms  /3/Cloud
2017-05-09 17:18:44,439   POST    200       1 ms  /99/Rapids
2017-05-09 17:18:46,019   GET     200       1 ms  /3/Cloud
2017-05-09 17:18:46,025   POST    200       2 ms  /99/Rapids
2017-05-09 17:18:46,073   GET     200       1 ms  /3/Cloud
2017-05-09 17:18:46,082   GET     200       3 ms  /3/Frames/RTMP_sid_8b86_46
2017-05-09 17:18:46,107   GET     200       1 ms  /3/Cloud
2017-05-09 17:18:46,116   GET     200       4 ms  /3/Frames/valid.hex
2017-05-09 17:18:46,138   GET     200       1 ms  /3/Cloud
2017-05-09 17:18:46,145   GET     200       2 ms  /3/Frames/test.hex
2017-05-09 17:29:34,497   GET     301      10 ms  /
2017-05-09 17:29:34,510   GET     301       0 ms  /
2017-05-09 17:29:34,569   GET     200      54 ms  /3/Cloud
2017-05-09 17:29:34,582   GET     200       6 ms  /3/InitID
2017-05-09 17:29:44,574   GET     301       0 ms  /
2017-05-09 17:29:44,580   GET     301       1 ms  /
2017-05-09 17:29:44,587   GET     200       2 ms  /3/Cloud
2017-05-09 17:29:44,594   GET     200       1 ms  /3/InitID
2017-05-09 17:29:44,833   GET     200       4 ms  /flow/index.html
2017-05-09 17:29:44,845   GET     200       2 ms  /flow/css/flow.css
2017-05-09 17:29:44,845   GET     200       2 ms  /flow/css/scala-editor.css
2017-05-09 17:29:44,845   GET     200       2 ms  /flow/custom/custom.css
2017-05-09 17:29:44,846   GET     200       4 ms  /flow/css/flow-lib.css
2017-05-09 17:29:44,852   GET     200       7 ms  /flow/js/flow.js
2017-05-09 17:29:44,922   GET     200      23 ms  /flow/img/h2o.png
2017-05-09 17:29:44,923   GET     200      24 ms  /flow/fonts/fontawesome-webfont.woff
2017-05-09 17:29:44,923   GET     200      24 ms  /flow/fonts/SourceCodePro-Regular.ttf.woff2
2017-05-09 17:29:44,924   GET     200      26 ms  /flow/fonts/Lato-Regular.woff2
2017-05-09 17:29:45,061   GET     200     216 ms  /flow/js/flow-lib.js
2017-05-09 17:29:45,496   GET     200     231 ms  /3/Metadata/endpoints
2017-05-09 17:29:45,575   GET     200       2 ms  /flow/help/catalog.json
2017-05-09 17:29:45,581   GET     200       1 ms  /flow/img/h2o-flow.png
2017-05-09 17:29:45,584   POST    200       7 ms  /3/scalaint
2017-05-09 17:29:45,585   GET     200      12 ms  /3/NodePersistentStorage/categories/environment/names/clips/exists
2017-05-09 17:29:45,590   GET     200      17 ms  /3/About
2017-05-09 17:29:45,594   GET     200      22 ms  /3/NodePersistentStorage/notebook
2017-05-09 17:29:45,614   GET     200       1 ms  /3/NodePersistentStorage/environment/clips
2017-05-09 17:29:45,649   GET     200      73 ms  /3/ModelBuilders
2017-05-09 17:29:45,663   GET     200       2 ms  /flow/fonts/Lato-Italic.woff2
2017-05-09 17:29:48,434   GET     200       1 ms  /3/Cloud
2017-05-09 17:29:48,451   GET     200       2 ms  /flow/fonts/SourceCodePro-It.ttf.woff2
2017-05-09 19:18:58,547   GET     301      10 ms  /
2017-05-09 19:18:58,555   GET     301       0 ms  /
2017-05-09 19:18:58,615   GET     200      56 ms  /3/Cloud
2017-05-09 19:18:58,628   GET     200       6 ms  /3/InitID
2017-05-09 19:19:29,828   GET     301       1 ms  /
2017-05-09 19:19:29,833   GET     301       0 ms  /
2017-05-09 19:19:29,839   GET     200       2 ms  /3/Cloud
2017-05-09 19:19:29,846   GET     200       1 ms  /3/InitID
2017-05-09 19:19:30,035   GET     200       3 ms  /flow/index.html
2017-05-09 19:19:30,058   GET     200       6 ms  /flow/css/flow-lib.css
2017-05-09 19:19:30,061   GET     200       8 ms  /flow/css/scala-editor.css
2017-05-09 19:19:30,062   GET     200       9 ms  /flow/css/flow.css
2017-05-09 19:19:30,066   GET     200       2 ms  /flow/custom/custom.css
2017-05-09 19:19:30,075   GET     200       9 ms  /flow/js/flow.js
2017-05-09 19:19:30,139   GET     200       1 ms  /flow/img/h2o.png
2017-05-09 19:19:30,139   GET     200       3 ms  /flow/fonts/fontawesome-webfont.woff
2017-05-09 19:19:30,275   GET     200     210 ms  /flow/js/flow-lib.js
2017-05-09 19:19:30,762   GET     200     267 ms  /3/Metadata/endpoints
2017-05-09 19:19:30,838   GET     200       3 ms  /flow/help/catalog.json
2017-05-09 19:19:30,844   GET     200       2 ms  /flow/img/h2o-flow.png
2017-05-09 19:19:30,847   POST    200       7 ms  /3/scalaint
2017-05-09 19:19:30,848   GET     200      13 ms  /3/NodePersistentStorage/categories/environment/names/clips/exists
2017-05-09 19:19:30,857   GET     200      22 ms  /3/NodePersistentStorage/notebook
2017-05-09 19:19:30,880   GET     200       2 ms  /3/NodePersistentStorage/environment/clips
2017-05-09 19:19:30,917   GET     200      78 ms  /3/ModelBuilders
2017-05-09 19:19:31,525   GET     200     690 ms  /3/About
2017-05-09 19:22:09,600   GET     301       0 ms  /
2017-05-09 19:22:09,605   GET     301       0 ms  /
2017-05-09 19:22:09,611   GET     200       2 ms  /3/Cloud
2017-05-09 19:22:09,617   GET     200       1 ms  /3/InitID
2017-05-09 19:22:10,465   GET     200       2 ms  /3/Cloud
2017-05-09 19:22:10,656   GET     200     185 ms  /3/Frames/model_hex
2017-05-09 19:25:01,053   GET     200       1 ms  /3/Cloud
2017-05-09 19:25:01,061   GET     200       1 ms  /3/Cloud
2017-05-09 19:25:01,281   POST    200     216 ms  /99/Rapids
2017-05-09 19:25:01,292   GET     200       6 ms  /3/Frames/RTMP_sid_9123_47
2017-05-09 19:25:01,310   GET     200       2 ms  /3/Cloud
2017-05-09 19:25:01,318   GET     200       1 ms  /3/Cloud
2017-05-09 19:25:01,408   POST    200      77 ms  /99/Rapids
2017-05-09 19:25:01,419   GET     200       5 ms  /3/Frames/RTMP_sid_9123_48
2017-05-09 19:25:01,436   GET     200       1 ms  /3/Cloud
2017-05-09 19:25:01,445   GET     200       2 ms  /3/Cloud
2017-05-09 19:25:01,563   POST    200     114 ms  /99/Rapids
2017-05-09 19:25:01,574   GET     200       6 ms  /3/Frames/RTMP_sid_9123_49
2017-05-09 19:25:01,591   GET     200       1 ms  /3/Cloud
2017-05-09 19:25:01,599   GET     200       2 ms  /3/Cloud
2017-05-09 19:25:01,935   POST    200     332 ms  /99/Rapids
2017-05-09 19:25:01,946   GET     200       6 ms  /3/Frames/RTMP_sid_9123_50
2017-05-09 19:25:07,360   GET     200       1 ms  /3/Cloud
2017-05-09 19:25:07,367   GET     200       1 ms  /3/Cloud
2017-05-09 19:25:07,387   POST    200      15 ms  /99/Rapids
2017-05-09 19:25:07,400   GET     200       8 ms  /3/Frames/RTMP_sid_9123_51
2017-05-09 19:25:07,419   GET     200       2 ms  /3/Cloud
2017-05-09 19:25:07,490   GET     200      64 ms  /3/Frames/RTMP_sid_9123_50/summary
2017-05-09 19:25:07,513   GET     200       2 ms  /3/Cloud
2017-05-09 19:25:07,526   POST    200       9 ms  /99/Rapids
2017-05-09 19:25:07,531   GET     200       1 ms  /3/Cloud
2017-05-09 19:25:07,536   POST    200       1 ms  /99/Rapids
2017-05-09 19:25:07,547   GET     200       1 ms  /3/Cloud
2017-05-09 19:25:07,554   GET     200       1 ms  /3/Cloud
2017-05-09 19:25:07,651   POST    200      93 ms  /99/Rapids
2017-05-09 19:25:07,661   GET     200       5 ms  /3/Frames/RTMP_sid_9123_52
2017-05-09 19:25:07,674   GET     200       1 ms  /3/DownloadDataset
2017-05-09 19:25:07,680   GET     200       1 ms  /3/Cloud
2017-05-09 19:25:07,687   GET     200       1 ms  /3/Cloud
2017-05-09 19:25:07,696   POST    200       5 ms  /99/Rapids
2017-05-09 19:25:07,704   GET     200       3 ms  /3/Frames/RTMP_sid_9123_54
2017-05-09 19:25:07,717   GET     200       2 ms  /3/Cloud
2017-05-09 19:25:07,724   GET     200       1 ms  /3/Cloud
2017-05-09 19:25:07,733   POST    200       4 ms  /99/Rapids
2017-05-09 19:25:07,741   GET     200       3 ms  /3/Frames/RTMP_sid_9123_55
2017-05-09 19:25:07,753   GET     200       0 ms  /3/DownloadDataset
2017-05-09 19:25:07,759   GET     200       1 ms  /3/Cloud
2017-05-09 19:25:07,766   GET     200       1 ms  /3/Cloud
2017-05-09 19:25:07,773   POST    200       4 ms  /99/Rapids
2017-05-09 19:25:07,781   GET     200       3 ms  /3/Frames/RTMP_sid_9123_57
2017-05-09 19:25:07,794   GET     200       2 ms  /3/Cloud
2017-05-09 19:25:07,800   GET     200       1 ms  /3/Cloud
2017-05-09 19:25:07,809   POST    200       5 ms  /99/Rapids
2017-05-09 19:25:07,819   GET     200       5 ms  /3/Frames/RTMP_sid_9123_58
2017-05-09 19:25:07,836   GET     200       1 ms  /3/Cloud
2017-05-09 19:25:07,843   POST    200       2 ms  /99/Rapids
2017-05-09 19:25:07,848   GET     200       1 ms  /3/Cloud
2017-05-09 19:25:07,854   POST    200       1 ms  /99/Rapids
2017-05-09 19:25:07,859   GET     200       1 ms  /3/Cloud
2017-05-09 19:25:07,864   POST    200       1 ms  /99/Rapids
2017-05-09 19:25:07,869   GET     200       2 ms  /3/Cloud
2017-05-09 19:25:07,874   POST    200       1 ms  /99/Rapids
2017-05-09 19:25:07,879   GET     200       1 ms  /3/Cloud
2017-05-09 19:25:07,884   POST    200       1 ms  /99/Rapids
2017-05-09 19:25:07,889   GET     200       1 ms  /3/Cloud
2017-05-09 19:25:07,894   POST    200       1 ms  /99/Rapids
2017-05-09 19:25:07,902   GET     200       0 ms  /3/DownloadDataset
2017-05-09 19:25:07,908   GET     200       1 ms  /3/Cloud
2017-05-09 19:25:07,915   GET     200       1 ms  /3/Cloud
2017-05-09 19:25:07,922   POST    200       3 ms  /99/Rapids
2017-05-09 19:25:07,929   GET     200       3 ms  /3/Frames/RTMP_sid_9123_60
2017-05-09 19:25:07,942   GET     200       1 ms  /3/Cloud
2017-05-09 19:25:07,949   GET     200       1 ms  /3/Cloud
2017-05-09 19:25:07,957   POST    200       4 ms  /99/Rapids
2017-05-09 19:25:07,965   GET     200       3 ms  /3/Frames/RTMP_sid_9123_61
2017-05-09 19:25:07,977   GET     200       0 ms  /3/DownloadDataset
2017-05-09 19:25:07,983   GET     200       1 ms  /3/Cloud
2017-05-09 19:25:07,990   GET     200       1 ms  /3/Cloud
2017-05-09 19:25:07,998   POST    200       4 ms  /99/Rapids
2017-05-09 19:25:08,005   GET     200       3 ms  /3/Frames/RTMP_sid_9123_63
2017-05-09 19:25:50,600   GET     200       1 ms  /3/Cloud
2017-05-09 19:25:50,756   POST    200     152 ms  /99/Rapids
2017-05-09 19:25:50,763   GET     200       1 ms  /3/Cloud
2017-05-09 19:25:50,768   POST    200       1 ms  /99/Rapids
2017-05-09 19:25:50,887   GET     200       1 ms  /3/Cloud
2017-05-09 19:25:50,892   POST    200       1 ms  /99/Rapids
2017-05-09 19:25:50,897   GET     200       1 ms  /3/Cloud
2017-05-09 19:25:50,902   POST    200       1 ms  /99/Rapids
2017-05-09 19:25:50,907   GET     200       1 ms  /3/Cloud
2017-05-09 19:25:50,912   POST    200       1 ms  /99/Rapids
2017-05-09 19:25:50,917   GET     200       1 ms  /3/Cloud
2017-05-09 19:25:50,922   POST    200       1 ms  /99/Rapids
2017-05-09 19:25:50,927   GET     200       1 ms  /3/Cloud
2017-05-09 19:25:50,932   POST    200       1 ms  /99/Rapids
2017-05-09 19:25:50,936   GET     200       1 ms  /3/Cloud
2017-05-09 19:25:50,941   POST    200       1 ms  /99/Rapids
2017-05-09 19:25:50,946   GET     200       1 ms  /3/Cloud
2017-05-09 19:25:50,951   POST    200       1 ms  /99/Rapids
2017-05-09 19:25:50,956   GET     200       1 ms  /3/Cloud
2017-05-09 19:25:50,961   POST    200       1 ms  /99/Rapids
2017-05-09 19:25:50,965   GET     200       1 ms  /3/Cloud
2017-05-09 19:25:50,970   POST    200       1 ms  /99/Rapids
2017-05-09 19:25:50,975   GET     200       1 ms  /3/Cloud
2017-05-09 19:25:50,979   POST    200       1 ms  /99/Rapids
2017-05-09 19:25:50,984   GET     200       1 ms  /3/Cloud
2017-05-09 19:25:50,989   POST    200       1 ms  /99/Rapids
2017-05-09 19:25:50,994   GET     200       2 ms  /3/Cloud
2017-05-09 19:25:50,998   POST    200       0 ms  /99/Rapids
2017-05-09 19:25:51,003   GET     200       1 ms  /3/Cloud
2017-05-09 19:25:51,008   POST    200       1 ms  /99/Rapids
2017-05-09 19:25:51,013   GET     200       1 ms  /3/Cloud
2017-05-09 19:25:51,018   POST    200       1 ms  /99/Rapids
2017-05-09 19:25:51,024   GET     200       1 ms  /3/Cloud
2017-05-09 19:25:51,119   POST    200      91 ms  /99/Rapids
2017-05-09 19:25:51,126   GET     200       1 ms  /3/Cloud
2017-05-09 19:25:51,132   POST    200       1 ms  /99/Rapids
2017-05-09 19:25:51,255   GET     200       2 ms  /3/Cloud
2017-05-09 19:25:51,261   POST    200       2 ms  /99/Rapids
2017-05-09 19:25:51,267   GET     200       1 ms  /3/Cloud
2017-05-09 19:25:51,289   POST    200      17 ms  /99/Rapids
2017-05-09 19:25:51,296   GET     200       1 ms  /3/Cloud
2017-05-09 19:25:51,302   POST    200       2 ms  /99/Rapids
2017-05-09 19:25:51,407   GET     200       1 ms  /3/Cloud
2017-05-09 19:25:51,412   POST    200       1 ms  /99/Rapids
2017-05-09 19:25:51,421   GET     200       1 ms  /3/Cloud
2017-05-09 19:25:51,433   GET     200       7 ms  /3/Frames/train.hex
2017-05-09 19:25:51,459   GET     200       2 ms  /3/Cloud
2017-05-09 19:25:51,472   GET     200       7 ms  /3/Frames/valid.hex
2017-05-09 19:25:51,496   GET     200       1 ms  /3/Cloud
2017-05-09 19:25:51,507   GET     200       6 ms  /3/Frames/test.hex
2017-05-09 19:26:04,568   GET     200       1 ms  /3/Cloud
2017-05-09 19:26:04,576   GET     200       3 ms  /3/ModelBuilders/glm
2017-05-09 19:26:04,614   GET     200       1 ms  /3/Cloud
2017-05-09 19:26:04,686   POST    200      67 ms  /3/ModelBuilders/glm
2017-05-09 19:26:04,741   GET     200       8 ms  /3/Jobs/$03017f00000132d4ffffffff$_9366918b0a219beda503b817ad544c17
2017-05-09 19:26:05,752   GET     200       1 ms  /3/Jobs/$03017f00000132d4ffffffff$_9366918b0a219beda503b817ad544c17
2017-05-09 19:26:05,759   GET     200       1 ms  /3/Cloud
2017-05-09 19:26:05,811   GET     200      46 ms  /3/Models/GLM_model_R_1494382728009_9
2017-06-06 18:45:13,243   GET     301      14 ms  /
2017-06-06 18:45:13,251   GET     301       1 ms  /
2017-06-06 18:45:13,307   GET     200      51 ms  /3/Cloud
2017-06-06 18:45:13,328   GET     200       7 ms  /3/InitID
2017-06-06 18:45:13,338   GET     301       0 ms  /
2017-06-06 18:45:13,344   GET     301       0 ms  /
2017-06-06 18:45:13,350   GET     200       1 ms  /3/Cloud
2017-06-06 18:45:13,358   GET     200       1 ms  /3/InitID
2017-06-06 18:45:13,581   GET     301       2 ms  /
2017-06-06 18:45:13,590   GET     200       5 ms  /flow/index.html
2017-06-06 18:45:13,623   GET     200       9 ms  /flow/css/flow-lib.css
2017-06-06 18:45:13,625   GET     200       8 ms  /flow/css/scala-editor.css
2017-06-06 18:45:13,625   GET     200       9 ms  /flow/css/flow.css
2017-06-06 18:45:13,626   GET     200       4 ms  /flow/custom/custom.css
2017-06-06 18:45:13,631   GET     200       8 ms  /flow/js/flow.js
2017-06-06 18:45:13,693   GET     200       2 ms  /flow/img/h2o.png
2017-06-06 18:45:13,694   GET     200       3 ms  /flow/fonts/fontawesome-webfont.woff
2017-06-06 18:45:13,856   GET     200     233 ms  /flow/js/flow-lib.js
2017-06-06 18:45:14,220   GET     200     140 ms  /3/Metadata/endpoints
2017-06-06 18:45:14,318   GET     200       5 ms  /flow/help/catalog.json
2017-06-06 18:45:14,326   GET     200       3 ms  /flow/img/h2o-flow.png
2017-06-06 18:45:14,332   POST    200      13 ms  /3/scalaint
2017-06-06 18:45:14,333   GET     200      20 ms  /3/NodePersistentStorage/categories/environment/names/clips/exists
2017-06-06 18:45:14,340   GET     200      27 ms  /3/NodePersistentStorage/notebook
2017-06-06 18:45:14,397   GET     200      79 ms  /3/ModelBuilders
2017-06-06 18:45:14,468   GET     200       3 ms  /3/NodePersistentStorage/environment/clips
2017-06-06 18:45:15,008   GET     200     694 ms  /3/About
2017-06-06 18:45:15,138   GET     200       8 ms  /favicon.ico
2017-06-06 18:45:33,207   GET     301       1 ms  /
2017-06-06 18:45:33,213   GET     301       0 ms  /
2017-06-06 18:45:33,221   GET     200       1 ms  /3/Cloud
2017-06-06 18:45:33,232   GET     200       1 ms  /3/InitID
2017-06-06 18:45:34,236   GET     200       1 ms  /3/Cloud
2017-06-06 18:45:34,429   GET     200     185 ms  /3/Frames/model_hex
2017-06-06 18:45:34,454   GET     200       1 ms  /3/Cloud
2017-06-06 18:45:34,463   GET     200       0 ms  /3/Cloud
2017-06-06 18:45:34,902   POST    200     434 ms  /99/Rapids
2017-06-06 18:45:34,916   GET     200       6 ms  /3/Frames/RTMP_sid_86e3_1
2017-06-06 18:45:34,939   GET     200       1 ms  /3/Cloud
2017-06-06 18:45:34,950   GET     200       1 ms  /3/Cloud
2017-06-06 18:45:35,205   POST    200     250 ms  /99/Rapids
2017-06-06 18:45:35,218   GET     200       5 ms  /3/Frames/RTMP_sid_86e3_2
2017-06-06 18:45:35,243   GET     200       2 ms  /3/Cloud
2017-06-06 18:45:35,252   GET     200       0 ms  /3/Cloud
2017-06-06 18:45:35,426   POST    200     167 ms  /99/Rapids
2017-06-06 18:45:35,441   GET     200       8 ms  /3/Frames/RTMP_sid_86e3_3
2017-06-06 18:45:35,465   GET     200       1 ms  /3/Cloud
2017-06-06 18:45:35,474   POST    200       4 ms  /99/Rapids
2017-06-06 18:45:35,480   GET     200       0 ms  /3/Cloud
2017-06-06 18:45:35,486   POST    200       1 ms  /99/Rapids
2017-06-06 18:45:35,498   GET     200       0 ms  /3/Cloud
2017-06-06 18:45:35,976   POST    200     473 ms  /99/Rapids
2017-06-06 18:45:35,983   GET     200       0 ms  /3/Cloud
2017-06-06 18:45:35,996   GET     200       7 ms  /3/Frames/RTMP_sid_86e3_4
2017-06-06 18:45:36,014   GET     200       1 ms  /3/Cloud
2017-06-06 18:45:36,020   GET     200       0 ms  /3/Cloud
2017-06-06 18:45:36,039   POST    200      14 ms  /99/Rapids
2017-06-06 18:45:36,049   GET     200       5 ms  /3/Frames/RTMP_sid_86e3_5
2017-06-06 18:45:36,066   GET     200       1 ms  /3/Cloud
2017-06-06 18:45:36,117   GET     200      45 ms  /3/Frames/RTMP_sid_86e3_4/summary
2017-06-06 18:45:36,138   GET     200       0 ms  /3/Cloud
2017-06-06 18:45:36,145   GET     200       1 ms  /3/Cloud
2017-06-06 18:45:36,236   POST    200      87 ms  /99/Rapids
2017-06-06 18:45:36,248   GET     200       3 ms  /3/Frames/RTMP_sid_86e3_6
2017-06-06 18:45:36,262   GET     200       0 ms  /3/DownloadDataset
2017-06-06 18:45:36,271   GET     200       1 ms  /3/Cloud
2017-06-06 18:45:36,279   GET     200       1 ms  /3/Cloud
2017-06-06 18:45:36,298   POST    200      15 ms  /99/Rapids
2017-06-06 18:45:36,306   GET     200       2 ms  /3/Frames/RTMP_sid_86e3_8
2017-06-06 18:45:36,320   GET     200       1 ms  /3/Cloud
2017-06-06 18:45:36,327   GET     200       0 ms  /3/Cloud
2017-06-06 18:45:36,343   POST    200      11 ms  /99/Rapids
2017-06-06 18:45:36,351   GET     200       2 ms  /3/Frames/RTMP_sid_86e3_9
2017-06-06 18:45:36,364   GET     200       0 ms  /3/DownloadDataset
2017-06-06 18:45:36,372   GET     200       1 ms  /3/Cloud
2017-06-06 18:45:36,379   GET     200       1 ms  /3/Cloud
2017-06-06 18:45:36,386   POST    200       2 ms  /99/Rapids
2017-06-06 18:45:36,394   GET     200       2 ms  /3/Frames/RTMP_sid_86e3_11
2017-06-06 18:45:36,407   GET     200       1 ms  /3/Cloud
2017-06-06 18:45:36,414   GET     200       1 ms  /3/Cloud
2017-06-06 18:45:36,427   GET     200       0 ms  /3/Cloud
2017-06-06 18:45:36,432   POST    200       0 ms  /99/Rapids
2017-06-06 18:45:36,437   GET     200       0 ms  /3/Cloud
2017-06-06 18:45:36,443   POST    200       1 ms  /99/Rapids
2017-06-06 18:45:36,449   GET     200       1 ms  /3/Cloud
2017-06-06 18:45:36,454   POST    200       1 ms  /99/Rapids
2017-06-06 18:45:36,459   GET     200       0 ms  /3/Cloud
2017-06-06 18:45:36,464   POST    200       1 ms  /99/Rapids
2017-06-06 18:45:36,469   GET     200       1 ms  /3/Cloud
2017-06-06 18:45:36,475   POST    200       2 ms  /99/Rapids
2017-06-06 18:45:36,480   GET     200       1 ms  /3/Cloud
2017-06-06 18:45:36,485   POST    200       0 ms  /99/Rapids
2017-06-06 18:45:36,490   GET     200       0 ms  /3/Cloud
2017-06-06 18:45:36,496   POST    200       2 ms  /99/Rapids
2017-06-06 18:45:36,504   POST    200       4 ms  /99/Rapids
2017-06-06 18:45:36,512   GET     200       3 ms  /3/Frames/RTMP_sid_86e3_12
2017-06-06 18:45:36,524   GET     200       0 ms  /3/DownloadDataset
2017-06-06 18:45:36,531   GET     200       1 ms  /3/Cloud
2017-06-06 18:45:36,538   GET     200       0 ms  /3/Cloud
2017-06-06 18:45:36,545   POST    200       2 ms  /99/Rapids
2017-06-06 18:45:36,552   GET     200       2 ms  /3/Frames/RTMP_sid_86e3_14
2017-06-06 18:45:36,564   GET     200       1 ms  /3/Cloud
2017-06-06 18:45:36,571   GET     200       1 ms  /3/Cloud
2017-06-06 18:45:36,579   POST    200       3 ms  /99/Rapids
2017-06-06 18:45:36,586   GET     200       2 ms  /3/Frames/RTMP_sid_86e3_15
2017-06-06 18:45:36,599   GET     200       0 ms  /3/DownloadDataset
2017-06-06 18:45:36,606   GET     200       1 ms  /3/Cloud
2017-06-06 18:45:36,613   GET     200       0 ms  /3/Cloud
2017-06-06 18:45:36,622   POST    200       3 ms  /99/Rapids
2017-06-06 18:45:36,629   GET     200       1 ms  /3/Frames/RTMP_sid_86e3_17
2017-06-06 18:45:36,645   GET     200       0 ms  /3/Cloud
2017-06-06 18:45:36,799   POST    200     149 ms  /99/Rapids
2017-06-06 18:45:36,806   GET     200       0 ms  /3/Cloud
2017-06-06 18:45:36,812   POST    200       1 ms  /99/Rapids
2017-06-06 18:45:36,891   GET     200       0 ms  /3/Cloud
2017-06-06 18:45:36,896   POST    200       1 ms  /99/Rapids
2017-06-06 18:45:36,901   GET     200       1 ms  /3/Cloud
2017-06-06 18:45:36,906   POST    200       1 ms  /99/Rapids
2017-06-06 18:45:36,910   GET     200       0 ms  /3/Cloud
2017-06-06 18:45:36,915   POST    200       1 ms  /99/Rapids
2017-06-06 18:45:36,921   GET     200       1 ms  /3/Cloud
2017-06-06 18:45:36,926   POST    200       1 ms  /99/Rapids
2017-06-06 18:45:36,932   GET     200       1 ms  /3/Cloud
2017-06-06 18:45:36,937   POST    200       0 ms  /99/Rapids
2017-06-06 18:45:36,943   GET     200       0 ms  /3/Cloud
2017-06-06 18:45:36,948   POST    200       0 ms  /99/Rapids
2017-06-06 18:45:36,954   GET     200       1 ms  /3/Cloud
2017-06-06 18:45:36,959   POST    200       1 ms  /99/Rapids
2017-06-06 18:45:36,966   GET     200       1 ms  /3/Cloud
2017-06-06 18:45:37,048   POST    200      77 ms  /99/Rapids
2017-06-06 18:45:37,056   GET     200       1 ms  /3/Cloud
2017-06-06 18:45:37,061   POST    200       1 ms  /99/Rapids
2017-06-06 18:45:37,152   GET     200       0 ms  /3/Cloud
2017-06-06 18:45:37,156   POST    200       0 ms  /99/Rapids
2017-06-06 18:45:37,162   GET     200       1 ms  /3/Cloud
2017-06-06 18:45:37,210   POST    200      44 ms  /99/Rapids
2017-06-06 18:45:37,217   GET     200       1 ms  /3/Cloud
2017-06-06 18:45:37,222   POST    200       1 ms  /99/Rapids
2017-06-06 18:45:37,312   GET     200       1 ms  /3/Cloud
2017-06-06 18:45:37,316   POST    200       0 ms  /99/Rapids
2017-06-06 18:45:37,322   GET     200       1 ms  /3/Cloud
2017-06-06 18:45:37,352   GET     200      24 ms  /3/Frames/train.hex
2017-06-06 18:45:37,369   GET     200       1 ms  /3/Cloud
2017-06-06 18:45:37,377   GET     200       2 ms  /3/ModelBuilders/glm
2017-06-06 18:45:37,411   GET     200       1 ms  /3/Cloud
2017-06-06 18:45:37,468   POST    200      53 ms  /3/ModelBuilders/glm
2017-06-06 18:45:37,597   GET     200       4 ms  /3/Jobs/$03017f00000132d4ffffffff$_808f107c43a6dfd5980a5d85879a4b11
2017-06-06 18:45:38,609   GET     200       0 ms  /3/Jobs/$03017f00000132d4ffffffff$_808f107c43a6dfd5980a5d85879a4b11
2017-06-06 18:45:38,619   GET     200       1 ms  /3/Cloud
2017-06-06 18:45:38,654   GET     200      29 ms  /3/Models/GLM_model_R_1496799905808_9
2017-06-06 18:45:38,706   GET     200       1 ms  /3/Cloud
2017-06-06 18:45:38,728   POST    200      18 ms  /3/ModelMetrics/models/GLM_model_R_1496799905808_9/frames/valid.hex
2017-06-06 18:45:38,736   GET     200       1 ms  /3/Cloud
2017-06-06 18:45:38,742   GET     200       0 ms  /3/Cloud
2017-06-06 18:45:38,771   POST    200      24 ms  /99/Rapids
2017-06-06 18:45:38,788   GET     200      11 ms  /3/Frames/RTMP_sid_86e3_22
2017-06-06 18:45:38,805   GET     200       1 ms  /3/Cloud
2017-06-06 18:45:38,813   GET     200       2 ms  /3/ModelBuilders/glm
2017-06-06 18:45:38,844   GET     200       1 ms  /3/Cloud
2017-06-06 18:45:38,851   POST    200       3 ms  /3/ModelBuilders/glm
2017-06-06 18:45:38,919   GET     200       0 ms  /3/Jobs/$03017f00000132d4ffffffff$_bf1a1a021d488f51b7299ecfc62d46d3
2017-06-06 18:45:39,933   GET     200       1 ms  /3/Jobs/$03017f00000132d4ffffffff$_bf1a1a021d488f51b7299ecfc62d46d3
2017-06-06 18:45:39,941   GET     200       1 ms  /3/Cloud
2017-06-06 18:45:39,951   GET     200       4 ms  /3/Models/GLM_model_R_1496799905808_10
2017-06-06 18:45:40,013   GET     200       0 ms  /3/Cloud
2017-06-06 18:45:40,018   POST    200       1 ms  /4/Predictions/models/GLM_model_R_1496799905808_10/frames/test.hex
2017-06-06 18:45:40,026   GET     200       0 ms  /3/Jobs/$03017f00000132d4ffffffff$_bd6d2e5f683e6a36d9bd68db8cd74b6e
2017-06-06 18:45:40,033   GET     200       1 ms  /3/Cloud
2017-06-06 18:45:40,043   GET     200       3 ms  /3/Frames/predictions_8b73_GLM_model_R_1496799905808_10_on_test.hex
2017-06-06 18:45:40,061   GET     301       0 ms  /
2017-06-06 18:45:40,066   GET     301       0 ms  /
2017-06-06 18:45:40,071   GET     200       1 ms  /3/Cloud
2017-06-06 18:45:40,077   GET     200       0 ms  /3/InitID
2017-06-06 18:45:40,084   GET     200       0 ms  /3/Cloud
2017-06-06 18:45:40,089   POST    200       0 ms  /99/Rapids
2017-06-06 18:48:28,401   GET     200       1 ms  /3/Cloud
2017-06-06 18:48:28,406   POST    200       0 ms  /99/Rapids
2017-06-06 18:48:28,414   GET     200       0 ms  /3/Cloud
2017-06-06 18:48:28,420   POST    200       1 ms  /99/Rapids
2017-06-06 18:48:28,425   GET     200       1 ms  /3/Cloud
2017-06-06 18:48:28,430   POST    200       1 ms  /99/Rapids
2017-06-06 18:48:28,435   GET     200       1 ms  /3/Cloud
2017-06-06 18:48:28,440   POST    200       1 ms  /99/Rapids
2017-06-06 18:48:28,446   GET     200       1 ms  /3/Cloud
2017-06-06 18:48:28,456   POST    200       0 ms  /99/Rapids
